2023-08-06 03:49:16.986767 - Initialized conversion of CBT390
2023-08-06 03:49:17.791846 - Received CBT.V505.FILE390.PDS from FILE390.XMI 
2023-08-06 03:49:17.794415 - Found $$$$$$$$.txt (text/plain) in CBT.V505.FILE390.PDS, moved to PDS/$$$$$$$$
2023-08-06 03:49:17.795450 - Found $$$#DATE.txt (text/plain) in CBT.V505.FILE390.PDS, moved to PDS/$$$#DATE
2023-08-06 03:49:17.796418 - Found $$$ISPF.txt (text/plain) in CBT.V505.FILE390.PDS, moved to PDS/$$$ISPF
2023-08-06 03:49:17.797307 - Found $$JCL.jcl (text/plain) in CBT.V505.FILE390.PDS, moved to PDS/$$JCL
2023-08-06 03:49:17.798235 - Found $$JCLA.jcl (text/plain) in CBT.V505.FILE390.PDS, moved to PDS/$$JCLA
2023-08-06 03:49:17.799160 - Found $$JCLB.jcl (text/plain) in CBT.V505.FILE390.PDS, moved to PDS/$$JCLB
2023-08-06 03:49:17.800030 - Found $$JCLZ12.jcl (text/plain) in CBT.V505.FILE390.PDS, moved to PDS/$$JCLZ12
2023-08-06 03:49:17.800854 - Found $$JCL130.jcl (text/plain) in CBT.V505.FILE390.PDS, moved to PDS/$$JCL130
2023-08-06 03:49:17.801773 - Found $$JCL210.jcl (text/plain) in CBT.V505.FILE390.PDS, moved to PDS/$$JCL210
2023-08-06 03:49:17.802632 - Found $$JCL240.jcl (text/plain) in CBT.V505.FILE390.PDS, moved to PDS/$$JCL240
2023-08-06 03:49:17.803508 - Found $$JCL250.jcl (text/plain) in CBT.V505.FILE390.PDS, moved to PDS/$$JCL250
2023-08-06 03:49:17.804362 - Found $$JCL270.jcl (text/plain) in CBT.V505.FILE390.PDS, moved to PDS/$$JCL270
2023-08-06 03:49:17.805259 - Found $$JCL280.jcl (text/plain) in CBT.V505.FILE390.PDS, moved to PDS/$$JCL280
2023-08-06 03:49:17.806230 - Found $$JCL520.jcl (text/plain) in CBT.V505.FILE390.PDS, moved to PDS/$$JCL520
2023-08-06 03:49:17.807129 - Found $CKPTLST.jcl (text/plain) in CBT.V505.FILE390.PDS, moved to PDS/$CKPTLST
2023-08-06 03:49:17.807965 - Found $CLDOC.txt (text/plain) in CBT.V505.FILE390.PDS, moved to PDS/$CLDOC
2023-08-06 03:49:17.808832 - Found $CLJCL.jcl (text/plain) in CBT.V505.FILE390.PDS, moved to PDS/$CLJCL
2023-08-06 03:49:17.809850 - Found $HELP.txt (text/plain) in CBT.V505.FILE390.PDS, moved to PDS/$HELP
2023-08-06 03:49:17.810869 - Found $INST220.txt (text/plain) in CBT.V505.FILE390.PDS, moved to PDS/$INST220
2023-08-06 03:49:17.811823 - Found $JCL220.jcl (text/plain) in CBT.V505.FILE390.PDS, moved to PDS/$JCL220
2023-08-06 03:49:17.812679 - Found $JQT.txt (text/plain) in CBT.V505.FILE390.PDS, moved to PDS/$JQT
2023-08-06 03:49:17.813569 - Found $JQTO.txt (text/plain) in CBT.V505.FILE390.PDS, moved to PDS/$JQTO
2023-08-06 03:49:17.814421 - Found $LOG.txt (text/plain) in CBT.V505.FILE390.PDS, moved to PDS/$LOG
2023-08-06 03:49:17.815233 - Found $NCCSJCL.jcl (text/plain) in CBT.V505.FILE390.PDS, moved to PDS/$NCCSJCL
2023-08-06 03:49:17.816037 - Found $NCCSJC1.jcl (text/plain) in CBT.V505.FILE390.PDS, moved to PDS/$NCCSJC1
2023-08-06 03:49:17.816873 - Found $ONLDOC.txt (text/plain) in CBT.V505.FILE390.PDS, moved to PDS/$ONLDOC
2023-08-06 03:49:17.817759 - Found $RNBDOC.txt (text/plain) in CBT.V505.FILE390.PDS, moved to PDS/$RNBDOC
2023-08-06 03:49:17.818747 - Found $SBGDOC.txt (text/plain) in CBT.V505.FILE390.PDS, moved to PDS/$SBGDOC
2023-08-06 03:49:17.819676 - Found $TRKCALC.jcl (text/plain) in CBT.V505.FILE390.PDS, moved to PDS/$TRKCALC
2023-08-06 03:49:17.820551 - Found $UFDOC.txt (text/plain) in CBT.V505.FILE390.PDS, moved to PDS/$UFDOC
2023-08-06 03:49:17.821429 - Found $WGHDOC.txt (text/plain) in CBT.V505.FILE390.PDS, moved to PDS/$WGHDOC
2023-08-06 03:49:17.822410 - Found $XMIT.jcl (text/plain) in CBT.V505.FILE390.PDS, moved to PDS/$XMIT
2023-08-06 03:49:17.823275 - Found @COMPLIB.jcl (text/plain) in CBT.V505.FILE390.PDS, moved to PDS/@COMPLIB
2023-08-06 03:49:17.824090 - Found @FILE390.txt (text/plain) in CBT.V505.FILE390.PDS, moved to PDS/@FILE390
2023-08-06 03:49:17.824906 - Found ACTIVE.txt (text/plain) in CBT.V505.FILE390.PDS, moved to PDS/ACTIVE
2023-08-06 03:49:17.825858 - Found ACTIVEO.txt (text/plain) in CBT.V505.FILE390.PDS, moved to PDS/ACTIVEO
2023-08-06 03:49:17.826803 - Found ALLOCATE.txt (text/plain) in CBT.V505.FILE390.PDS, moved to PDS/ALLOCATE
2023-08-06 03:49:17.827709 - Found ALLOCATO.txt (text/plain) in CBT.V505.FILE390.PDS, moved to PDS/ALLOCATO
2023-08-06 03:49:17.828588 - Found AUTH.txt (text/plain) in CBT.V505.FILE390.PDS, moved to PDS/AUTH
2023-08-06 03:49:17.829399 - Found CDAS.txt (text/plain) in CBT.V505.FILE390.PDS, moved to PDS/CDAS
2023-08-06 03:49:17.830446 - Found CDIE.txt (text/plain) in CBT.V505.FILE390.PDS, moved to PDS/CDIE
2023-08-06 03:49:17.831533 - Found CHCT.txt (text/plain) in CBT.V505.FILE390.PDS, moved to PDS/CHCT
2023-08-06 03:49:17.832390 - Found CHCTO.txt (text/plain) in CBT.V505.FILE390.PDS, moved to PDS/CHCTO
2023-08-06 03:49:17.833223 - Found CIOT.txt (text/plain) in CBT.V505.FILE390.PDS, moved to PDS/CIOT
2023-08-06 03:49:17.834102 - Found CJCT.txt (text/plain) in CBT.V505.FILE390.PDS, moved to PDS/CJCT
2023-08-06 03:49:17.834965 - Found CJHIST.txt (text/plain) in CBT.V505.FILE390.PDS, moved to PDS/CJHIST
2023-08-06 03:49:17.835849 - Found CJHIST0.txt (text/plain) in CBT.V505.FILE390.PDS, moved to PDS/CJHIST0
2023-08-06 03:49:17.836643 - Found CJOE.txt (text/plain) in CBT.V505.FILE390.PDS, moved to PDS/CJOE
2023-08-06 03:49:17.837501 - Found CJQE.txt (text/plain) in CBT.V505.FILE390.PDS, moved to PDS/CJQE
2023-08-06 03:49:17.838523 - Found CKPT.txt (text/plain) in CBT.V505.FILE390.PDS, moved to PDS/CKPT
2023-08-06 03:49:17.839439 - Found CKPTBSAM.txt (text/plain) in CBT.V505.FILE390.PDS, moved to PDS/CKPTBSAM
2023-08-06 03:49:17.840342 - Found CPDDB.txt (text/plain) in CBT.V505.FILE390.PDS, moved to PDS/CPDDB
2023-08-06 03:49:17.841299 - Found CPFK.txt (text/plain) in CBT.V505.FILE390.PDS, moved to PDS/CPFK
2023-08-06 03:49:17.842237 - Found CQUIET.txt (text/plain) in CBT.V505.FILE390.PDS, moved to PDS/CQUIET
2023-08-06 03:49:17.843247 - Found CSPIN.txt (text/plain) in CBT.V505.FILE390.PDS, moved to PDS/CSPIN
2023-08-06 03:49:17.844174 - Found CSPINO.txt (text/plain) in CBT.V505.FILE390.PDS, moved to PDS/CSPINO
2023-08-06 03:49:17.845084 - Found CTGPS.txt (text/plain) in CBT.V505.FILE390.PDS, moved to PDS/CTGPS
2023-08-06 03:49:17.846036 - Found CTSO.txt (text/plain) in CBT.V505.FILE390.PDS, moved to PDS/CTSO
2023-08-06 03:49:17.846941 - Found DDNAME.txt (text/plain) in CBT.V505.FILE390.PDS, moved to PDS/DDNAME
2023-08-06 03:49:17.847801 - Found DDNAMEO.txt (text/plain) in CBT.V505.FILE390.PDS, moved to PDS/DDNAMEO
2023-08-06 03:49:17.848689 - Found DDNAMEX.txt (text/plain) in CBT.V505.FILE390.PDS, moved to PDS/DDNAMEX
2023-08-06 03:49:17.849711 - Found DISPLAY.txt (text/plain) in CBT.V505.FILE390.PDS, moved to PDS/DISPLAY
2023-08-06 03:49:17.850777 - Found DISPLAYO.txt (text/plain) in CBT.V505.FILE390.PDS, moved to PDS/DISPLAYO
2023-08-06 03:49:17.851717 - Found FINDJOB.txt (text/plain) in CBT.V505.FILE390.PDS, moved to PDS/FINDJOB
2023-08-06 03:49:17.852685 - Found FINDJOBO.txt (text/plain) in CBT.V505.FILE390.PDS, moved to PDS/FINDJOBO
2023-08-06 03:49:17.853542 - Found FINDPDDB.txt (text/plain) in CBT.V505.FILE390.PDS, moved to PDS/FINDPDDB
2023-08-06 03:49:17.854534 - Found FORMAT.txt (text/plain) in CBT.V505.FILE390.PDS, moved to PDS/FORMAT
2023-08-06 03:49:17.855506 - Found FORMATO.txt (text/plain) in CBT.V505.FILE390.PDS, moved to PDS/FORMATO
2023-08-06 03:49:17.856501 - Found HELP.txt (text/plain) in CBT.V505.FILE390.PDS, moved to PDS/HELP
2023-08-06 03:49:17.857506 - Found HELPO.txt (text/plain) in CBT.V505.FILE390.PDS, moved to PDS/HELPO
2023-08-06 03:49:17.858368 - Found HEXBLK.txt (text/plain) in CBT.V505.FILE390.PDS, moved to PDS/HEXBLK
2023-08-06 03:49:17.859197 - Found HEXDUMP.txt (text/plain) in CBT.V505.FILE390.PDS, moved to PDS/HEXDUMP
2023-08-06 03:49:17.860024 - Found INIT.txt (text/plain) in CBT.V505.FILE390.PDS, moved to PDS/INIT
2023-08-06 03:49:17.860839 - Found INITO.txt (text/plain) in CBT.V505.FILE390.PDS, moved to PDS/INITO
2023-08-06 03:49:17.861781 - Found INITS.txt (text/plain) in CBT.V505.FILE390.PDS, moved to PDS/INITS
2023-08-06 03:49:17.862777 - Found INITX.txt (text/plain) in CBT.V505.FILE390.PDS, moved to PDS/INITX
2023-08-06 03:49:17.863718 - Found JCL.txt (text/plain) in CBT.V505.FILE390.PDS, moved to PDS/JCL
2023-08-06 03:49:17.864624 - Found JLOG.txt (text/plain) in CBT.V505.FILE390.PDS, moved to PDS/JLOG
2023-08-06 03:49:17.865619 - Found JMSG.txt (text/plain) in CBT.V505.FILE390.PDS, moved to PDS/JMSG
2023-08-06 03:49:17.866506 - Found LIST.txt (text/plain) in CBT.V505.FILE390.PDS, moved to PDS/LIST
2023-08-06 03:49:17.867309 - Found LISTDS.txt (text/plain) in CBT.V505.FILE390.PDS, moved to PDS/LISTDS
2023-08-06 03:49:17.868087 - Found NULLDSID.txt (text/plain) in CBT.V505.FILE390.PDS, moved to PDS/NULLDSID
2023-08-06 03:49:17.868867 - Found PARSE.txt (text/plain) in CBT.V505.FILE390.PDS, moved to PDS/PARSE
2023-08-06 03:49:17.869782 - Found PRINT.txt (text/plain) in CBT.V505.FILE390.PDS, moved to PDS/PRINT
2023-08-06 03:49:17.871034 - Found QAUTHCK.txt (text/plain) in CBT.V505.FILE390.PDS, moved to PDS/QAUTHCK
2023-08-06 03:49:17.872009 - Found QCOMMON.txt (text/plain) in CBT.V505.FILE390.PDS, moved to PDS/QCOMMON
2023-08-06 03:49:17.872992 - Found QCXX0001.txt (text/plain) in CBT.V505.FILE390.PDS, moved to PDS/QCXX0001
2023-08-06 03:49:17.873859 - Found QPRBGEN.txt (text/plain) in CBT.V505.FILE390.PDS, moved to PDS/QPRBGEN
2023-08-06 03:49:17.874781 - Found QSCE.txt (text/plain) in CBT.V505.FILE390.PDS, moved to PDS/QSCE
2023-08-06 03:49:17.875703 - Found QSTART.txt (text/plain) in CBT.V505.FILE390.PDS, moved to PDS/QSTART
2023-08-06 03:49:17.876617 - Found QSTOP.txt (text/plain) in CBT.V505.FILE390.PDS, moved to PDS/QSTOP
2023-08-06 03:49:17.877532 - Found QTILT.txt (text/plain) in CBT.V505.FILE390.PDS, moved to PDS/QTILT
2023-08-06 03:49:17.877543 - Found QUECMDS.bin containing application/octet-stream, moved to PDS/QUECMDS
2023-08-06 03:49:17.879335 - Found QUEUE.txt (text/plain) in CBT.V505.FILE390.PDS, moved to PDS/QUEUE
2023-08-06 03:49:17.880181 - Found QUEUEM2.txt (text/plain) in CBT.V505.FILE390.PDS, moved to PDS/QUEUEM2
2023-08-06 03:49:17.881111 - Found QUEUEM3.txt (text/plain) in CBT.V505.FILE390.PDS, moved to PDS/QUEUEM3
2023-08-06 03:49:17.882065 - Found QUEUEM4.txt (text/plain) in CBT.V505.FILE390.PDS, moved to PDS/QUEUEM4
2023-08-06 03:49:17.882938 - Found QUEUEM5.txt (text/plain) in CBT.V505.FILE390.PDS, moved to PDS/QUEUEM5
2023-08-06 03:49:17.883801 - Found Q0.txt (text/plain) in CBT.V505.FILE390.PDS, moved to PDS/Q0
2023-08-06 03:49:17.884731 - Found READSPC.txt (text/plain) in CBT.V505.FILE390.PDS, moved to PDS/READSPC
2023-08-06 03:49:17.885741 - Found REPOS.txt (text/plain) in CBT.V505.FILE390.PDS, moved to PDS/REPOS
2023-08-06 03:49:17.886805 - Found SAVE.txt (text/plain) in CBT.V505.FILE390.PDS, moved to PDS/SAVE
2023-08-06 03:49:17.887730 - Found SAVEO.txt (text/plain) in CBT.V505.FILE390.PDS, moved to PDS/SAVEO
2023-08-06 03:49:17.888607 - Found SEARCH.txt (text/plain) in CBT.V505.FILE390.PDS, moved to PDS/SEARCH
2023-08-06 03:49:17.889613 - Found SEARCHO.txt (text/plain) in CBT.V505.FILE390.PDS, moved to PDS/SEARCHO
2023-08-06 03:49:17.890603 - Found SEARCHP.txt (text/plain) in CBT.V505.FILE390.PDS, moved to PDS/SEARCHP
2023-08-06 03:49:17.891511 - Found SYSLOG.txt (text/plain) in CBT.V505.FILE390.PDS, moved to PDS/SYSLOG
2023-08-06 03:49:17.892460 - Found SYSOUT.txt (text/plain) in CBT.V505.FILE390.PDS, moved to PDS/SYSOUT
2023-08-06 03:49:17.893409 - Found XDS.txt (text/plain) in CBT.V505.FILE390.PDS, moved to PDS/XDS
